[2020-06-08 20:06:10,644] {taskinstance.py:669} INFO - Dependencies all met for <TaskInstance: my_dag.source3 2020-06-08T14:33:57.424034+00:00 [queued]>
[2020-06-08 20:06:10,657] {taskinstance.py:669} INFO - Dependencies all met for <TaskInstance: my_dag.source3 2020-06-08T14:33:57.424034+00:00 [queued]>
[2020-06-08 20:06:10,657] {taskinstance.py:879} INFO - 
--------------------------------------------------------------------------------
[2020-06-08 20:06:10,657] {taskinstance.py:880} INFO - Starting attempt 1 of 2
[2020-06-08 20:06:10,657] {taskinstance.py:881} INFO - 
--------------------------------------------------------------------------------
[2020-06-08 20:06:10,676] {taskinstance.py:900} INFO - Executing <Task(PythonOperator): source3> on 2020-06-08T14:33:57.424034+00:00
[2020-06-08 20:06:10,680] {standard_task_runner.py:53} INFO - Started process 15821 to run task
[2020-06-08 20:06:10,731] {logging_mixin.py:112} INFO - Running %s on host %s <TaskInstance: my_dag.source3 2020-06-08T14:33:57.424034+00:00 [running]> nineleaps-ThinkPad-E470
[2020-06-08 20:06:10,810] {logging_mixin.py:112} INFO - (<type 'NoneType'>, None)
[2020-06-08 20:06:10,810] {taskinstance.py:1145} ERROR - unsupported operand type(s) for /: 'NoneType' and 'float'
Traceback (most recent call last):
  File "/home/nineleaps/.local/lib/python2.7/site-packages/airflow/models/taskinstance.py", line 983, in _run_raw_task
    result = task_copy.execute(context=context)
  File "/home/nineleaps/.local/lib/python2.7/site-packages/airflow/operators/python_operator.py", line 113, in execute
    return_value = self.execute_callable()
  File "/home/nineleaps/.local/lib/python2.7/site-packages/airflow/operators/python_operator.py", line 118, in execute_callable
    return self.python_callable(*self.op_args, **self.op_kwargs)
  File "/home/nineleaps/airflow/dags/airflow_tasks.py", line 88, in percentage_upload
    print("percentage = {}".format((v1 / total_rows-1) * 100))
TypeError: unsupported operand type(s) for /: 'NoneType' and 'float'
[2020-06-08 20:06:10,811] {taskinstance.py:1168} INFO - Marking task as UP_FOR_RETRY
[2020-06-08 20:06:20,625] {logging_mixin.py:112} INFO - [2020-06-08 20:06:20,625] {local_task_job.py:103} INFO - Task exited with return code 1
