[2020-06-08 19:14:24,943] {taskinstance.py:669} INFO - Dependencies all met for <TaskInstance: my_dag.source3 2020-06-08T13:41:18.914378+00:00 [queued]>
[2020-06-08 19:14:24,953] {taskinstance.py:669} INFO - Dependencies all met for <TaskInstance: my_dag.source3 2020-06-08T13:41:18.914378+00:00 [queued]>
[2020-06-08 19:14:24,954] {taskinstance.py:879} INFO - 
--------------------------------------------------------------------------------
[2020-06-08 19:14:24,954] {taskinstance.py:880} INFO - Starting attempt 1 of 2
[2020-06-08 19:14:24,954] {taskinstance.py:881} INFO - 
--------------------------------------------------------------------------------
[2020-06-08 19:14:24,975] {taskinstance.py:900} INFO - Executing <Task(PythonOperator): source3> on 2020-06-08T13:41:18.914378+00:00
[2020-06-08 19:14:24,979] {standard_task_runner.py:53} INFO - Started process 11986 to run task
[2020-06-08 19:14:25,051] {logging_mixin.py:112} INFO - Running %s on host %s <TaskInstance: my_dag.source3 2020-06-08T13:41:18.914378+00:00 [running]> nineleaps-ThinkPad-E470
[2020-06-08 19:14:25,138] {taskinstance.py:1145} ERROR - float division by zero
Traceback (most recent call last):
  File "/home/nineleaps/.local/lib/python2.7/site-packages/airflow/models/taskinstance.py", line 983, in _run_raw_task
    result = task_copy.execute(context=context)
  File "/home/nineleaps/.local/lib/python2.7/site-packages/airflow/operators/python_operator.py", line 113, in execute
    return_value = self.execute_callable()
  File "/home/nineleaps/.local/lib/python2.7/site-packages/airflow/operators/python_operator.py", line 118, in execute_callable
    return self.python_callable(*self.op_args, **self.op_kwargs)
  File "/home/nineleaps/airflow/dags/airflow_tasks.py", line 81, in percentage_upload
    print (((total_rows-1)/rows_uploaded)*100)
ZeroDivisionError: float division by zero
[2020-06-08 19:14:25,139] {taskinstance.py:1168} INFO - Marking task as UP_FOR_RETRY
[2020-06-08 19:14:34,918] {logging_mixin.py:112} INFO - [2020-06-08 19:14:34,917] {local_task_job.py:103} INFO - Task exited with return code 1
